<?xml version="1.0" encoding="UTF-8"?>
<testsuite xmlns:xsi="http://www.w3.org/2001/XMLSchema-instance" xsi:noNamespaceSchemaLocation="https://maven.apache.org/surefire/maven-surefire-plugin/xsd/surefire-test-report-3.0.xsd" version="3.0" name="AlgoritmosTest1" time="0.052" tests="6" errors="0" skipped="0" failures="0">
  <properties>
[...]
</properties>
  <testcase name="testMergeSort" classname="AlgoritmosTest1" time="0.023"/>
  <testcase name="testShell" classname="AlgoritmosTest1" time="0.002"/>
  <testcase name="testSeleccion" classname="AlgoritmosTest1" time="0.002"/>
  <testcase name="testBurbujaMejorado" classname="AlgoritmosTest1" time="0.002"/>
  <testcase name="testInsercion" classname="AlgoritmosTest1" time="0.0"/>
  <testcase name="testQuicksort" classname="AlgoritmosTest1" time="0.001"/>
</testsuite>